1657643420545	geckodriver	INFO	Listening on 127.0.0.1:52639
1657643420820	mozrunner::runner	INFO	Running command: "/Applications/Firefox.app/Contents/MacOS/firefox-bin" "--marionette" "--remote-debugging-port" "52640" "-foreground" "-no-remote" "-profile" "/var/folders/x5/vxnm00_x5mb_9_7q5nnxpp6c0000gn/T/rust_mozprofileT9lK9u"
1657643424850	Marionette	INFO	Marionette enabled
console.warn: SearchSettings: "get: No settings file exists, new profile?" (new NotFoundError("Could not open the file at /var/folders/x5/vxnm00_x5mb_9_7q5nnxpp6c0000gn/T/rust_mozprofileT9lK9u/search.json.mozlz4", (void 0)))
console.error: BackgroundUpdate: 
  _reasonsToNotScheduleUpdates: Failed to check for Maintenance Service Registry Key: [Exception... "Component returned failure code: 0x80004001 (NS_ERROR_NOT_IMPLEMENTED) [nsIUpdateProcessor.getServiceRegKeyExists]"  nsresult: "0x80004001 (NS_ERROR_NOT_IMPLEMENTED)"  location: "JS frame :: resource://gre/modules/BackgroundUpdate.jsm :: _reasonsToNotScheduleUpdates :: line 241"  data: no]
DevTools listening on ws://localhost:52640/devtools/browser/be4c4b12-b587-4ea0-a46f-cc9262c3236d
1657643426714	Marionette	INFO	Listening on port 52649
1657643426747	RemoteAgent	WARN	TLS certificate errors will be ignored for this session
1657643440320	geckodriver	INFO	Listening on 127.0.0.1:52753
1657643440837	mozrunner::runner	INFO	Running command: "/Applications/Firefox.app/Contents/MacOS/firefox-bin" "--marionette" "-headless" "--remote-debugging-port" "52754" "-foreground" "-no-remote" "-profile" "/var/folders/x5/vxnm00_x5mb_9_7q5nnxpp6c0000gn/T/rust_mozprofilekysgOW"
*** You are running in headless mode.
1657643441151	Marionette	INFO	Marionette enabled
[GFX1-]: RenderCompositorSWGL failed mapping default framebuffer, no dt
console.warn: SearchSettings: "get: No settings file exists, new profile?" (new NotFoundError("Could not open the file at /var/folders/x5/vxnm00_x5mb_9_7q5nnxpp6c0000gn/T/rust_mozprofilekysgOW/search.json.mozlz4", (void 0)))
console.error: BackgroundUpdate: 
  _reasonsToNotScheduleUpdates: Failed to check for Maintenance Service Registry Key: [Exception... "Component returned failure code: 0x80004001 (NS_ERROR_NOT_IMPLEMENTED) [nsIUpdateProcessor.getServiceRegKeyExists]"  nsresult: "0x80004001 (NS_ERROR_NOT_IMPLEMENTED)"  location: "JS frame :: resource://gre/modules/BackgroundUpdate.jsm :: _reasonsToNotScheduleUpdates :: line 241"  data: no]
DevTools listening on ws://localhost:52754/devtools/browser/ad111ce2-617a-4099-a895-9b3092683d75
1657643442341	Marionette	INFO	Listening on port 52761
1657643442395	RemoteAgent	WARN	TLS certificate errors will be ignored for this session
JavaScript warning: https://mc.yandex.ru/metrika/tag.js, line 18: WEBGL_debug_renderer_info is deprecated in Firefox and will be removed. Please use RENDERER.
JavaScript warning: https://cdn.jsdelivr.net/npm/yandex-metrica-watch/tag.js, line 18: WEBGL_debug_renderer_info is deprecated in Firefox and will be removed. Please use RENDERER.
Exiting due to channel error.
Exiting due to channel error.
Exiting due to channel error.
1657643561138	geckodriver	INFO	Listening on 127.0.0.1:53058
1657643561638	mozrunner::runner	INFO	Running command: "/Applications/Firefox.app/Contents/MacOS/firefox-bin" "--marionette" "-headless" "--remote-debugging-port" "53059" "-foreground" "-no-remote" "-profile" "/var/folders/x5/vxnm00_x5mb_9_7q5nnxpp6c0000gn/T/rust_mozprofiledoaILI"
*** You are running in headless mode.
1657643561978	Marionette	INFO	Marionette enabled
[GFX1-]: RenderCompositorSWGL failed mapping default framebuffer, no dt
console.warn: SearchSettings: "get: No settings file exists, new profile?" (new NotFoundError("Could not open the file at /var/folders/x5/vxnm00_x5mb_9_7q5nnxpp6c0000gn/T/rust_mozprofiledoaILI/search.json.mozlz4", (void 0)))
console.error: BackgroundUpdate: 
  _reasonsToNotScheduleUpdates: Failed to check for Maintenance Service Registry Key: [Exception... "Component returned failure code: 0x80004001 (NS_ERROR_NOT_IMPLEMENTED) [nsIUpdateProcessor.getServiceRegKeyExists]"  nsresult: "0x80004001 (NS_ERROR_NOT_IMPLEMENTED)"  location: "JS frame :: resource://gre/modules/BackgroundUpdate.jsm :: _reasonsToNotScheduleUpdates :: line 241"  data: no]
DevTools listening on ws://localhost:53059/devtools/browser/b27b42ed-de67-4691-9396-ec35921cdcbd
1657643563154	Marionette	INFO	Listening on port 53064
1657643563208	RemoteAgent	WARN	TLS certificate errors will be ignored for this session
JavaScript warning: https://mc.yandex.ru/metrika/tag.js, line 18: WEBGL_debug_renderer_info is deprecated in Firefox and will be removed. Please use RENDERER.
JavaScript warning: https://cdn.jsdelivr.net/npm/yandex-metrica-watch/tag.js, line 18: WEBGL_debug_renderer_info is deprecated in Firefox and will be removed. Please use RENDERER.
2022-07-12 19:34:01.950 firefox-bin[49621:332607] TSM AdjustCapsLockLEDForKeyTransitionHandling - _ISSetPhysicalKeyboardCapsLockLED Inhibit
JavaScript warning: https://mc.yandex.ru/metrika/watch_serp.js, line 14: WEBGL_debug_renderer_info is deprecated in Firefox and will be removed. Please use RENDERER.
JavaScript warning: https://st1-26.vk.com/dist/web/grip.09bb0cc32f4318f31e0e.js?0a47fc0fa0b4071ed0b901429161712c, line 1: WEBGL_debug_renderer_info is deprecated in Firefox and will be removed. Please use RENDERER.
JavaScript warning: https://st1-26.vk.com/dist/web/grip.09bb0cc32f4318f31e0e.js?0a47fc0fa0b4071ed0b901429161712c, line 1: WEBGL_debug_renderer_info is deprecated in Firefox and will be removed. Please use RENDERER.
console.warn: LoginRecipes: "getRecipes: falling back to a synchronous message for:" "https://vk.com"
console.warn: LoginRecipes: "getRecipes: falling back to a synchronous message for:" "https://vk.com"
console.warn: LoginRecipes: "getRecipes: falling back to a synchronous message for:" "https://id.vk.com"
console.warn: LoginRecipes: "getRecipes: falling back to a synchronous message for:" "https://id.vk.com"
console.warn: LoginRecipes: "getRecipes: falling back to a synchronous message for:" "https://id.vk.com"
console.warn: LoginRecipes: "getRecipes: falling back to a synchronous message for:" "https://id.vk.com"
console.warn: LoginRecipes: "getRecipes: falling back to a synchronous message for:" "https://vk.com"
[Child 49625, MediaDecoderStateMachine #1] WARNING: Decoder=116630400 state=DECODING_METADATA Decode metadata failed, shutting down decoder: file /builds/worker/checkouts/gecko/dom/media/MediaDecoderStateMachine.cpp:367
[Child 49625, MediaDecoderStateMachine #1] WARNING: Decoder=116630400 Decode error: NS_ERROR_DOM_MEDIA_METADATA_ERR (0x806e0006): file /builds/worker/checkouts/gecko/dom/media/MediaDecoderStateMachine.cpp:3568
JavaScript error: https://vk.com/al_groups.php?__query=groups&_ref=left_nav&_rndVer=73303&al=-1&al_id=430911568, line 12: TypeError: parent is null
console.warn: LoginRecipes: "getRecipes: falling back to a synchronous message for:" "https://vk.com"
JavaScript error: https://vk.com/al_groups.php?__query=club143060440&_ref=groups&_rndVer=70999&al=-1&al_id=430911568, line 12: TypeError: parent is null
console.warn: LoginRecipes: "getRecipes: falling back to a synchronous message for:" "https://vk.com"
console.warn: LoginRecipes: "getRecipes: falling back to a synchronous message for:" "https://vk.com"
[ERROR osclientcerts_static] ThreadId(5) C_FindObjectsInit: CKR_ARGUMENTS_BAD: ExternalError at security/manager/ssl/osclientcerts/src/backend_macos.rs:921 (-25300)
[ERROR osclientcerts_static] ThreadId(5) C_FindObjectsInit: CKR_ARGUMENTS_BAD: ExternalError at security/manager/ssl/osclientcerts/src/backend_macos.rs:921 (-25300)
[ERROR osclientcerts_static] ThreadId(5) C_FindObjectsInit: CKR_ARGUMENTS_BAD: ExternalError at security/manager/ssl/osclientcerts/src/backend_macos.rs:921 (-25300)
JavaScript error: , line 0: NotFoundError: No such JSWindowActor 'DevToolsFrame'
JavaScript error: , line 0: NotFoundError: No such JSWindowActor 'DevToolsFrame'
[Child 49754, MediaDecoderStateMachine #1] WARNING: Decoder=115382400 state=DECODING_METADATA Decode metadata failed, shutting down decoder: file /builds/worker/checkouts/gecko/dom/media/MediaDecoderStateMachine.cpp:367
[Child 49754, MediaDecoderStateMachine #1] WARNING: Decoder=115382400 Decode error: NS_ERROR_DOM_MEDIA_METADATA_ERR (0x806e0006): file /builds/worker/checkouts/gecko/dom/media/MediaDecoderStateMachine.cpp:3568
JavaScript error: https://vk.com/al_groups.php?__query=groups&_ref=left_nav&_rndVer=97913&al=-1&al_id=430911568, line 12: TypeError: parent is null
JavaScript error: https://vk.com/al_profile.php?__query=modernmilitary&_ref=groups&_rndVer=96981&al=-1&al_id=430911568, line 12: TypeError: parent is null
JavaScript error: https://vk.com/al_profile.php?__query=r3al1ty_official&_ref=modernmilitary&_rndVer=78028&al=-1&al_id=430911568, line 12: TypeError: parent is null
JavaScript error: https://vk.com/al_profile.php?__query=modernmilitary&_ref=r3al1ty_official&_rndVer=72500&al=-1&al_id=430911568, line 12: TypeError: parent is null
[ERROR osclientcerts_static] ThreadId(6) C_FindObjectsInit: CKR_ARGUMENTS_BAD: ExternalError at security/manager/ssl/osclientcerts/src/backend_macos.rs:921 (-25300)
[Child 49625, MediaDecoderStateMachine #4] WARNING: 12f06c310 Could not set cubeb stream name.: file /builds/worker/checkouts/gecko/dom/media/AudioStream.cpp:330
[Child 49625, MediaDecoderStateMachine #5] WARNING: 1496558d0 Could not set cubeb stream name.: file /builds/worker/checkouts/gecko/dom/media/AudioStream.cpp:330
[Child 49625, MediaDecoderStateMachine #6] WARNING: 13177c480 Could not set cubeb stream name.: file /builds/worker/checkouts/gecko/dom/media/AudioStream.cpp:330
[Child 49625, MediaDecoderStateMachine #7] WARNING: 14ae7f310 Could not set cubeb stream name.: file /builds/worker/checkouts/gecko/dom/media/AudioStream.cpp:330
1657647652022	geckodriver	INFO	Listening on 127.0.0.1:53979
1657647652555	mozrunner::runner	INFO	Running command: "/Applications/Firefox.app/Contents/MacOS/firefox-bin" "--marionette" "-headless" "--remote-debugging-port" "53980" "-foreground" "-no-remote" "-profile" "/var/folders/x5/vxnm00_x5mb_9_7q5nnxpp6c0000gn/T/rust_mozprofileWgaEYB"
*** You are running in headless mode.
1657647653901	Marionette	INFO	Marionette enabled
[GFX1-]: RenderCompositorSWGL failed mapping default framebuffer, no dt
console.warn: SearchSettings: "get: No settings file exists, new profile?" (new NotFoundError("Could not open the file at /var/folders/x5/vxnm00_x5mb_9_7q5nnxpp6c0000gn/T/rust_mozprofileWgaEYB/search.json.mozlz4", (void 0)))
console.error: BackgroundUpdate: 
  _reasonsToNotScheduleUpdates: Failed to check for Maintenance Service Registry Key: [Exception... "Component returned failure code: 0x80004001 (NS_ERROR_NOT_IMPLEMENTED) [nsIUpdateProcessor.getServiceRegKeyExists]"  nsresult: "0x80004001 (NS_ERROR_NOT_IMPLEMENTED)"  location: "JS frame :: resource://gre/modules/BackgroundUpdate.jsm :: _reasonsToNotScheduleUpdates :: line 241"  data: no]
DevTools listening on ws://localhost:53980/devtools/browser/091b45f2-3dab-492f-9a62-9cc996d38029
1657647655395	Marionette	INFO	Listening on port 53985
1657647655489	RemoteAgent	WARN	TLS certificate errors will be ignored for this session
console.error: Region.jsm: "Error fetching region" (new Error("TIMEOUT", "resource://gre/modules/Region.jsm", 772))
console.error: Region.jsm: "Failed to fetch region" (new Error("TIMEOUT", "resource://gre/modules/Region.jsm", 419))
JavaScript warning: https://st1-26.vk.com/dist/web/grip.09bb0cc32f4318f31e0e.js?0a47fc0fa0b4071ed0b901429161712c, line 1: WEBGL_debug_renderer_info is deprecated in Firefox and will be removed. Please use RENDERER.
JavaScript warning: https://st1-26.vk.com/dist/web/grip.09bb0cc32f4318f31e0e.js?0a47fc0fa0b4071ed0b901429161712c, line 1: WEBGL_debug_renderer_info is deprecated in Firefox and will be removed. Please use RENDERER.

###!!! [Parent][PBackgroundParent] Error: RunMessage(msgname=PMessagePort::Msg_Close) Channel closing: too late to send/recv, messages will be lost


###!!! [Parent][PBackgroundParent] Error: RunMessage(msgname=PMessagePort::Msg_Close) Channel closing: too late to send/recv, messages will be lost

[ERROR osclientcerts_static] ThreadId(5) C_FindObjectsInit: CKR_ARGUMENTS_BAD: ExternalError at security/manager/ssl/osclientcerts/src/backend_macos.rs:921 (-25300)
[Child 49625, MediaDecoderStateMachine #8] WARNING: 119c50e90 Could not set cubeb stream name.: file /builds/worker/checkouts/gecko/dom/media/AudioStream.cpp:330
[Child 49625, MediaDecoderStateMachine #9] WARNING: 12ef6d310 Could not set cubeb stream name.: file /builds/worker/checkouts/gecko/dom/media/AudioStream.cpp:330
[ERROR osclientcerts_static] ThreadId(7) C_FindObjectsInit: CKR_ARGUMENTS_BAD: ExternalError at security/manager/ssl/osclientcerts/src/backend_macos.rs:921 (-25300)
[Child 49625, MediaDecoderStateMachine #10] WARNING: 12ef321a0 Could not set cubeb stream name.: file /builds/worker/checkouts/gecko/dom/media/AudioStream.cpp:330
[Child 49625, MediaDecoderStateMachine #10] WARNING: 12f06c760 Could not set cubeb stream name.: file /builds/worker/checkouts/gecko/dom/media/AudioStream.cpp:330
[ERROR osclientcerts_static] ThreadId(8) C_FindObjectsInit: CKR_ARGUMENTS_BAD: ExternalError at security/manager/ssl/osclientcerts/src/backend_macos.rs:921 (-25300)
[Child 49625, MediaDecoderStateMachine #11] WARNING: 12ef32d20 Could not set cubeb stream name.: file /builds/worker/checkouts/gecko/dom/media/AudioStream.cpp:330
[Child 49625, MediaDecoderStateMachine #11] WARNING: 12f06c8d0 Could not set cubeb stream name.: file /builds/worker/checkouts/gecko/dom/media/AudioStream.cpp:330
[ERROR osclientcerts_static] ThreadId(9) C_FindObjectsInit: CKR_ARGUMENTS_BAD: ExternalError at security/manager/ssl/osclientcerts/src/backend_macos.rs:921 (-25300)
[ERROR osclientcerts_static] ThreadId(9) C_FindObjectsInit: CKR_ARGUMENTS_BAD: ExternalError at security/manager/ssl/osclientcerts/src/backend_macos.rs:921 (-25300)
[ERROR osclientcerts_static] ThreadId(6) C_FindObjectsInit: CKR_ARGUMENTS_BAD: ExternalError at security/manager/ssl/osclientcerts/src/backend_macos.rs:921 (-25300)
[ERROR osclientcerts_static] ThreadId(6) C_FindObjectsInit: CKR_ARGUMENTS_BAD: ExternalError at security/manager/ssl/osclientcerts/src/backend_macos.rs:921 (-25300)
[ERROR osclientcerts_static] ThreadId(9) C_FindObjectsInit: CKR_ARGUMENTS_BAD: ExternalError at security/manager/ssl/osclientcerts/src/backend_macos.rs:921 (-25300)
[ERROR osclientcerts_static] ThreadId(6) C_FindObjectsInit: CKR_ARGUMENTS_BAD: ExternalError at security/manager/ssl/osclientcerts/src/backend_macos.rs:921 (-25300)
[ERROR osclientcerts_static] ThreadId(6) C_FindObjectsInit: CKR_ARGUMENTS_BAD: ExternalError at security/manager/ssl/osclientcerts/src/backend_macos.rs:921 (-25300)
[ERROR osclientcerts_static] ThreadId(9) C_FindObjectsInit: CKR_ARGUMENTS_BAD: ExternalError at security/manager/ssl/osclientcerts/src/backend_macos.rs:921 (-25300)
[Child 49754, MediaDecoderStateMachine #11] WARNING: 14c924310 Could not set cubeb stream name.: file /builds/worker/checkouts/gecko/dom/media/AudioStream.cpp:330
[ERROR osclientcerts_static] ThreadId(10) C_FindObjectsInit: CKR_ARGUMENTS_BAD: ExternalError at security/manager/ssl/osclientcerts/src/backend_macos.rs:921 (-25300)
[Child 49625, MediaDecoderStateMachine #12] WARNING: 1495ef310 Could not set cubeb stream name.: file /builds/worker/checkouts/gecko/dom/media/AudioStream.cpp:330
[Child 49625, MediaDecoderStateMachine #13] WARNING: 147c44e90 Could not set cubeb stream name.: file /builds/worker/checkouts/gecko/dom/media/AudioStream.cpp:330
[Child 49625, MediaDecoderStateMachine #13] WARNING: 149363030 Could not set cubeb stream name.: file /builds/worker/checkouts/gecko/dom/media/AudioStream.cpp:330
[Child 49625, MediaDecoderStateMachine #13] WARNING: 14d7a45f0 Could not set cubeb stream name.: file /builds/worker/checkouts/gecko/dom/media/AudioStream.cpp:330
[Child 49625, MediaDecoderStateMachine #13] WARNING: 149360e90 Could not set cubeb stream name.: file /builds/worker/checkouts/gecko/dom/media/AudioStream.cpp:330
[Child 49625, MediaDecoderStateMachine #13] WARNING: 14811b8d0 Could not set cubeb stream name.: file /builds/worker/checkouts/gecko/dom/media/AudioStream.cpp:330
[Child 49625, MediaDecoderStateMachine #13] WARNING: 13118ed20 Could not set cubeb stream name.: file /builds/worker/checkouts/gecko/dom/media/AudioStream.cpp:330
[Child 49625, MediaDecoderStateMachine #13] WARNING: 1481ec030 Could not set cubeb stream name.: file /builds/worker/checkouts/gecko/dom/media/AudioStream.cpp:330
[Child 49625, MediaDecoderStateMachine #13] WARNING: 14a8e7760 Could not set cubeb stream name.: file /builds/worker/checkouts/gecko/dom/media/AudioStream.cpp:330
[ERROR osclientcerts_static] ThreadId(11) C_FindObjectsInit: CKR_ARGUMENTS_BAD: ExternalError at security/manager/ssl/osclientcerts/src/backend_macos.rs:921 (-25300)
[ERROR osclientcerts_static] ThreadId(11) C_FindObjectsInit: CKR_ARGUMENTS_BAD: ExternalError at security/manager/ssl/osclientcerts/src/backend_macos.rs:921 (-25300)
